<?xml version="1.0" encoding="UTF-8"?>
<!-- Generated by org.testng.reporters.JUnitReportReporter -->
<testsuite hostname="LAPTOP-4KLHFET6" name="ReddifSignInTest" tests="1" failures="0" timestamp="29 Nov 2021 06:46:46 GMT" time="24.701" errors="0">
  <testcase name="TestReddifSignIn" time="24.701" classname="ReddifSignInTest"/>
</testsuite> <!-- ReddifSignInTest -->
