<?xml version="1.0" encoding="UTF-8"?>
<!-- Generated by org.testng.reporters.JUnitReportReporter -->
<testsuite hostname="LAPTOP-4KLHFET6" name="otherbrowser" tests="1" failures="0" timestamp="8 Dec 2021 11:12:32 GMT" time="8.240" errors="0">
  <testcase name="varifyFaceBookHomePage" time="8.240" classname="otherbrowser"/>
</testsuite> <!-- otherbrowser -->
