<?xml version="1.0" encoding="UTF-8"?>
<!-- Generated by org.testng.reporters.JUnitReportReporter -->
<testsuite hostname="LAPTOP-4KLHFET6" name="findhotelavailability.FindHotelAvability" tests="1" failures="0" timestamp="14 Dec 2021 09:36:23 GMT" time="70.434" errors="0">
  <testcase name="hotelavailability" time="70.434" classname="findhotelavailability.FindHotelAvability"/>
</testsuite> <!-- findhotelavailability.FindHotelAvability -->
