<?xml version="1.0" encoding="UTF-8"?>
<!-- Generated by org.testng.reporters.JUnitReportReporter -->
<testsuite hostname="LAPTOP-4KLHFET6" name="testdemo" tests="1" failures="0" timestamp="8 Dec 2021 10:31:28 GMT" time="7.963" errors="0">
  <testcase name="varifyFaceBookHomePage" time="7.963" classname="testdemo"/>
</testsuite> <!-- testdemo -->
